[2023-01-14 19:09:52] production.ERROR: SQLSTATE[HY000] [1044] Access denied for user ''@'localhost' to database 'forge' (SQL: select `active_template` from `general_settings` limit 1) {"exception":"[object] (Illuminate\\Database\\QueryException(code: 1044): SQLSTATE[HY000] [1044] Access denied for user ''@'localhost' to database 'forge' (SQL: select `active_template` from `general_settings` limit 1) at /Applications/XAMPP/xamppfiles/htdocs/TradeLab v1.2 Nulled/Files/core/vendor/laravel/framework/src/Illuminate/Database/Connection.php:712)
[stacktrace]
#0 /Applications/XAMPP/xamppfiles/htdocs/TradeLab v1.2 Nulled/Files/core/vendor/laravel/framework/src/Illuminate/Database/Connection.php(672): Illuminate\\Database\\Connection->runQueryCallback('select `active_...', Array, Object(Closure))
#1 /Applications/XAMPP/xamppfiles/htdocs/TradeLab v1.2 Nulled/Files/core/vendor/laravel/framework/src/Illuminate/Database/Connection.php(376): Illuminate\\Database\\Connection->run('select `active_...', Array, Object(Closure))
#2 /Applications/XAMPP/xamppfiles/htdocs/TradeLab v1.2 Nulled/Files/core/vendor/laravel/framework/src/Illuminate/Database/Query/Builder.php(2414): Illuminate\\Database\\Connection->select('select `active_...', Array, true)
#3 /Applications/XAMPP/xamppfiles/htdocs/TradeLab v1.2 Nulled/Files/core/vendor/laravel/framework/src/Illuminate/Database/Query/Builder.php(2402): Illuminate\\Database\\Query\\Builder->runSelect()
#4 /Applications/XAMPP/xamppfiles/htdocs/TradeLab v1.2 Nulled/Files/core/vendor/laravel/framework/src/Illuminate/Database/Query/Builder.php(2936): Illuminate\\Database\\Query\\Builder->Illuminate\\Database\\Query\\{closure}()
#5 /Applications/XAMPP/xamppfiles/htdocs/TradeLab v1.2 Nulled/Files/core/vendor/laravel/framework/src/Illuminate/Database/Query/Builder.php(2403): Illuminate\\Database\\Query\\Builder->onceWithColumns(Array, Object(Closure))
#6 /Applications/XAMPP/xamppfiles/htdocs/TradeLab v1.2 Nulled/Files/core/vendor/laravel/framework/src/Illuminate/Database/Eloquent/Builder.php(625): Illuminate\\Database\\Query\\Builder->get(Array)
#7 /Applications/XAMPP/xamppfiles/htdocs/TradeLab v1.2 Nulled/Files/core/vendor/laravel/framework/src/Illuminate/Database/Eloquent/Builder.php(609): Illuminate\\Database\\Eloquent\\Builder->getModels(Array)
#8 /Applications/XAMPP/xamppfiles/htdocs/TradeLab v1.2 Nulled/Files/core/vendor/laravel/framework/src/Illuminate/Database/Concerns/BuildsQueries.php(294): Illuminate\\Database\\Eloquent\\Builder->get(Array)
#9 /Applications/XAMPP/xamppfiles/htdocs/TradeLab v1.2 Nulled/Files/core/vendor/laravel/framework/src/Illuminate/Support/Traits/ForwardsCalls.php(23): Illuminate\\Database\\Eloquent\\Builder->first(Array)
#10 /Applications/XAMPP/xamppfiles/htdocs/TradeLab v1.2 Nulled/Files/core/vendor/laravel/framework/src/Illuminate/Database/Eloquent/Model.php(2132): Illuminate\\Database\\Eloquent\\Model->forwardCallTo(Object(Illuminate\\Database\\Eloquent\\Builder), 'first', Array)
#11 /Applications/XAMPP/xamppfiles/htdocs/TradeLab v1.2 Nulled/Files/core/vendor/laravel/framework/src/Illuminate/Database/Eloquent/Model.php(2144): Illuminate\\Database\\Eloquent\\Model->__call('first', Array)
#12 /Applications/XAMPP/xamppfiles/htdocs/TradeLab v1.2 Nulled/Files/core/app/Http/Helpers/helpers.php(140): Illuminate\\Database\\Eloquent\\Model::__callStatic('first', Array)
#13 /Applications/XAMPP/xamppfiles/htdocs/TradeLab v1.2 Nulled/Files/core/app/Providers/AppServiceProvider.php(36): activeTemplate()
#14 /Applications/XAMPP/xamppfiles/htdocs/TradeLab v1.2 Nulled/Files/core/vendor/laravel/framework/src/Illuminate/Container/BoundMethod.php(36): App\\Providers\\AppServiceProvider->boot()
#15 /Applications/XAMPP/xamppfiles/htdocs/TradeLab v1.2 Nulled/Files/core/vendor/laravel/framework/src/Illuminate/Container/Util.php(40): Illuminate\\Container\\BoundMethod::Illuminate\\Container\\{closure}()
#16 /Applications/XAMPP/xamppfiles/htdocs/TradeLab v1.2 Nulled/Files/core/vendor/laravel/framework/src/Illuminate/Container/BoundMethod.php(93): Illuminate\\Container\\Util::unwrapIfClosure(Object(Closure))
#17 /Applications/XAMPP/xamppfiles/htdocs/TradeLab v1.2 Nulled/Files/core/vendor/laravel/framework/src/Illuminate/Container/BoundMethod.php(37): Illuminate\\Container\\BoundMethod::callBoundMethod(Object(Illuminate\\Foundation\\Application), Array, Object(Closure))
#18 /Applications/XAMPP/xamppfiles/htdocs/TradeLab v1.2 Nulled/Files/core/vendor/laravel/framework/src/Illuminate/Container/Container.php(653): Illuminate\\Container\\BoundMethod::call(Object(Illuminate\\Foundation\\Application), Array, Array, NULL)
#19 /Applications/XAMPP/xamppfiles/htdocs/TradeLab v1.2 Nulled/Files/core/vendor/laravel/framework/src/Illuminate/Foundation/Application.php(924): Illuminate\\Container\\Container->call(Array)
#20 /Applications/XAMPP/xamppfiles/htdocs/TradeLab v1.2 Nulled/Files/core/vendor/laravel/framework/src/Illuminate/Foundation/Application.php(905): Illuminate\\Foundation\\Application->bootProvider(Object(App\\Providers\\AppServiceProvider))
#21 [internal function]: Illuminate\\Foundation\\Application->Illuminate\\Foundation\\{closure}(Object(App\\Providers\\AppServiceProvider), 23)
#22 /Applications/XAMPP/xamppfiles/htdocs/TradeLab v1.2 Nulled/Files/core/vendor/laravel/framework/src/Illuminate/Foundation/Application.php(906): array_walk(Array, Object(Closure))
#23 /Applications/XAMPP/xamppfiles/htdocs/TradeLab v1.2 Nulled/Files/core/vendor/laravel/framework/src/Illuminate/Foundation/Bootstrap/BootProviders.php(17): Illuminate\\Foundation\\Application->boot()
#24 /Applications/XAMPP/xamppfiles/htdocs/TradeLab v1.2 Nulled/Files/core/vendor/laravel/framework/src/Illuminate/Foundation/Application.php(237): Illuminate\\Foundation\\Bootstrap\\BootProviders->bootstrap(Object(Illuminate\\Foundation\\Application))
#25 /Applications/XAMPP/xamppfiles/htdocs/TradeLab v1.2 Nulled/Files/core/vendor/laravel/framework/src/Illuminate/Foundation/Console/Kernel.php(310): Illuminate\\Foundation\\Application->bootstrapWith(Array)
#26 /Applications/XAMPP/xamppfiles/htdocs/TradeLab v1.2 Nulled/Files/core/vendor/laravel/framework/src/Illuminate/Foundation/Console/Kernel.php(127): Illuminate\\Foundation\\Console\\Kernel->bootstrap()
#27 /Applications/XAMPP/xamppfiles/htdocs/TradeLab v1.2 Nulled/Files/core/artisan(37): Illuminate\\Foundation\\Console\\Kernel->handle(Object(Symfony\\Component\\Console\\Input\\ArgvInput), Object(Symfony\\Component\\Console\\Output\\ConsoleOutput))
#28 {main}

[previous exception] [object] (PDOException(code: 1044): SQLSTATE[HY000] [1044] Access denied for user ''@'localhost' to database 'forge' at /Applications/XAMPP/xamppfiles/htdocs/TradeLab v1.2 Nulled/Files/core/vendor/laravel/framework/src/Illuminate/Database/Connectors/Connector.php:70)
[stacktrace]
#0 /Applications/XAMPP/xamppfiles/htdocs/TradeLab v1.2 Nulled/Files/core/vendor/laravel/framework/src/Illuminate/Database/Connectors/Connector.php(70): PDO->__construct('mysql:host=127....', 'forge', '', Array)
#1 /Applications/XAMPP/xamppfiles/htdocs/TradeLab v1.2 Nulled/Files/core/vendor/laravel/framework/src/Illuminate/Database/Connectors/Connector.php(46): Illuminate\\Database\\Connectors\\Connector->createPdoConnection('mysql:host=127....', 'forge', '', Array)
#2 /Applications/XAMPP/xamppfiles/htdocs/TradeLab v1.2 Nulled/Files/core/vendor/laravel/framework/src/Illuminate/Database/Connectors/MySqlConnector.php(24): Illuminate\\Database\\Connectors\\Connector->createConnection('mysql:host=127....', Array, Array)
#3 /Applications/XAMPP/xamppfiles/htdocs/TradeLab v1.2 Nulled/Files/core/vendor/laravel/framework/src/Illuminate/Database/Connectors/ConnectionFactory.php(184): Illuminate\\Database\\Connectors\\MySqlConnector->connect(Array)
#4 [internal function]: Illuminate\\Database\\Connectors\\ConnectionFactory->Illuminate\\Database\\Connectors\\{closure}()
#5 /Applications/XAMPP/xamppfiles/htdocs/TradeLab v1.2 Nulled/Files/core/vendor/laravel/framework/src/Illuminate/Database/Connection.php(1064): call_user_func(Object(Closure))
#6 /Applications/XAMPP/xamppfiles/htdocs/TradeLab v1.2 Nulled/Files/core/vendor/laravel/framework/src/Illuminate/Database/Connection.php(1100): Illuminate\\Database\\Connection->getPdo()
#7 /Applications/XAMPP/xamppfiles/htdocs/TradeLab v1.2 Nulled/Files/core/vendor/laravel/framework/src/Illuminate/Database/Connection.php(442): Illuminate\\Database\\Connection->getReadPdo()
#8 /Applications/XAMPP/xamppfiles/htdocs/TradeLab v1.2 Nulled/Files/core/vendor/laravel/framework/src/Illuminate/Database/Connection.php(368): Illuminate\\Database\\Connection->getPdoForSelect(true)
#9 /Applications/XAMPP/xamppfiles/htdocs/TradeLab v1.2 Nulled/Files/core/vendor/laravel/framework/src/Illuminate/Database/Connection.php(705): Illuminate\\Database\\Connection->Illuminate\\Database\\{closure}('select `active_...', Array)
#10 /Applications/XAMPP/xamppfiles/htdocs/TradeLab v1.2 Nulled/Files/core/vendor/laravel/framework/src/Illuminate/Database/Connection.php(672): Illuminate\\Database\\Connection->runQueryCallback('select `active_...', Array, Object(Closure))
#11 /Applications/XAMPP/xamppfiles/htdocs/TradeLab v1.2 Nulled/Files/core/vendor/laravel/framework/src/Illuminate/Database/Connection.php(376): Illuminate\\Database\\Connection->run('select `active_...', Array, Object(Closure))
#12 /Applications/XAMPP/xamppfiles/htdocs/TradeLab v1.2 Nulled/Files/core/vendor/laravel/framework/src/Illuminate/Database/Query/Builder.php(2414): Illuminate\\Database\\Connection->select('select `active_...', Array, true)
#13 /Applications/XAMPP/xamppfiles/htdocs/TradeLab v1.2 Nulled/Files/core/vendor/laravel/framework/src/Illuminate/Database/Query/Builder.php(2402): Illuminate\\Database\\Query\\Builder->runSelect()
#14 /Applications/XAMPP/xamppfiles/htdocs/TradeLab v1.2 Nulled/Files/core/vendor/laravel/framework/src/Illuminate/Database/Query/Builder.php(2936): Illuminate\\Database\\Query\\Builder->Illuminate\\Database\\Query\\{closure}()
#15 /Applications/XAMPP/xamppfiles/htdocs/TradeLab v1.2 Nulled/Files/core/vendor/laravel/framework/src/Illuminate/Database/Query/Builder.php(2403): Illuminate\\Database\\Query\\Builder->onceWithColumns(Array, Object(Closure))
#16 /Applications/XAMPP/xamppfiles/htdocs/TradeLab v1.2 Nulled/Files/core/vendor/laravel/framework/src/Illuminate/Database/Eloquent/Builder.php(625): Illuminate\\Database\\Query\\Builder->get(Array)
#17 /Applications/XAMPP/xamppfiles/htdocs/TradeLab v1.2 Nulled/Files/core/vendor/laravel/framework/src/Illuminate/Database/Eloquent/Builder.php(609): Illuminate\\Database\\Eloquent\\Builder->getModels(Array)
#18 /Applications/XAMPP/xamppfiles/htdocs/TradeLab v1.2 Nulled/Files/core/vendor/laravel/framework/src/Illuminate/Database/Concerns/BuildsQueries.php(294): Illuminate\\Database\\Eloquent\\Builder->get(Array)
#19 /Applications/XAMPP/xamppfiles/htdocs/TradeLab v1.2 Nulled/Files/core/vendor/laravel/framework/src/Illuminate/Support/Traits/ForwardsCalls.php(23): Illuminate\\Database\\Eloquent\\Builder->first(Array)
#20 /Applications/XAMPP/xamppfiles/htdocs/TradeLab v1.2 Nulled/Files/core/vendor/laravel/framework/src/Illuminate/Database/Eloquent/Model.php(2132): Illuminate\\Database\\Eloquent\\Model->forwardCallTo(Object(Illuminate\\Database\\Eloquent\\Builder), 'first', Array)
#21 /Applications/XAMPP/xamppfiles/htdocs/TradeLab v1.2 Nulled/Files/core/vendor/laravel/framework/src/Illuminate/Database/Eloquent/Model.php(2144): Illuminate\\Database\\Eloquent\\Model->__call('first', Array)
#22 /Applications/XAMPP/xamppfiles/htdocs/TradeLab v1.2 Nulled/Files/core/app/Http/Helpers/helpers.php(140): Illuminate\\Database\\Eloquent\\Model::__callStatic('first', Array)
#23 /Applications/XAMPP/xamppfiles/htdocs/TradeLab v1.2 Nulled/Files/core/app/Providers/AppServiceProvider.php(36): activeTemplate()
#24 /Applications/XAMPP/xamppfiles/htdocs/TradeLab v1.2 Nulled/Files/core/vendor/laravel/framework/src/Illuminate/Container/BoundMethod.php(36): App\\Providers\\AppServiceProvider->boot()
#25 /Applications/XAMPP/xamppfiles/htdocs/TradeLab v1.2 Nulled/Files/core/vendor/laravel/framework/src/Illuminate/Container/Util.php(40): Illuminate\\Container\\BoundMethod::Illuminate\\Container\\{closure}()
#26 /Applications/XAMPP/xamppfiles/htdocs/TradeLab v1.2 Nulled/Files/core/vendor/laravel/framework/src/Illuminate/Container/BoundMethod.php(93): Illuminate\\Container\\Util::unwrapIfClosure(Object(Closure))
#27 /Applications/XAMPP/xamppfiles/htdocs/TradeLab v1.2 Nulled/Files/core/vendor/laravel/framework/src/Illuminate/Container/BoundMethod.php(37): Illuminate\\Container\\BoundMethod::callBoundMethod(Object(Illuminate\\Foundation\\Application), Array, Object(Closure))
#28 /Applications/XAMPP/xamppfiles/htdocs/TradeLab v1.2 Nulled/Files/core/vendor/laravel/framework/src/Illuminate/Container/Container.php(653): Illuminate\\Container\\BoundMethod::call(Object(Illuminate\\Foundation\\Application), Array, Array, NULL)
#29 /Applications/XAMPP/xamppfiles/htdocs/TradeLab v1.2 Nulled/Files/core/vendor/laravel/framework/src/Illuminate/Foundation/Application.php(924): Illuminate\\Container\\Container->call(Array)
#30 /Applications/XAMPP/xamppfiles/htdocs/TradeLab v1.2 Nulled/Files/core/vendor/laravel/framework/src/Illuminate/Foundation/Application.php(905): Illuminate\\Foundation\\Application->bootProvider(Object(App\\Providers\\AppServiceProvider))
#31 [internal function]: Illuminate\\Foundation\\Application->Illuminate\\Foundation\\{closure}(Object(App\\Providers\\AppServiceProvider), 23)
#32 /Applications/XAMPP/xamppfiles/htdocs/TradeLab v1.2 Nulled/Files/core/vendor/laravel/framework/src/Illuminate/Foundation/Application.php(906): array_walk(Array, Object(Closure))
#33 /Applications/XAMPP/xamppfiles/htdocs/TradeLab v1.2 Nulled/Files/core/vendor/laravel/framework/src/Illuminate/Foundation/Bootstrap/BootProviders.php(17): Illuminate\\Foundation\\Application->boot()
#34 /Applications/XAMPP/xamppfiles/htdocs/TradeLab v1.2 Nulled/Files/core/vendor/laravel/framework/src/Illuminate/Foundation/Application.php(237): Illuminate\\Foundation\\Bootstrap\\BootProviders->bootstrap(Object(Illuminate\\Foundation\\Application))
#35 /Applications/XAMPP/xamppfiles/htdocs/TradeLab v1.2 Nulled/Files/core/vendor/laravel/framework/src/Illuminate/Foundation/Console/Kernel.php(310): Illuminate\\Foundation\\Application->bootstrapWith(Array)
#36 /Applications/XAMPP/xamppfiles/htdocs/TradeLab v1.2 Nulled/Files/core/vendor/laravel/framework/src/Illuminate/Foundation/Console/Kernel.php(127): Illuminate\\Foundation\\Console\\Kernel->bootstrap()
#37 /Applications/XAMPP/xamppfiles/htdocs/TradeLab v1.2 Nulled/Files/core/artisan(37): Illuminate\\Foundation\\Console\\Kernel->handle(Object(Symfony\\Component\\Console\\Input\\ArgvInput), Object(Symfony\\Component\\Console\\Output\\ConsoleOutput))
#38 {main}
"} 
[2023-01-14 19:24:31] local.ERROR: No application encryption key has been specified. {"exception":"[object] (Illuminate\\Encryption\\MissingAppKeyException(code: 0): No application encryption key has been specified. at /Applications/XAMPP/xamppfiles/htdocs/TradeLab v1.2 Nulled/Files/core/vendor/laravel/framework/src/Illuminate/Encryption/EncryptionServiceProvider.php:101)
[stacktrace]
#0 /Applications/XAMPP/xamppfiles/htdocs/TradeLab v1.2 Nulled/Files/core/vendor/laravel/framework/src/Illuminate/Support/helpers.php(263): Illuminate\\Encryption\\EncryptionServiceProvider->Illuminate\\Encryption\\{closure}('')
#1 /Applications/XAMPP/xamppfiles/htdocs/TradeLab v1.2 Nulled/Files/core/vendor/laravel/framework/src/Illuminate/Encryption/EncryptionServiceProvider.php(103): tap('', Object(Closure))
#2 /Applications/XAMPP/xamppfiles/htdocs/TradeLab v1.2 Nulled/Files/core/vendor/laravel/framework/src/Illuminate/Encryption/EncryptionServiceProvider.php(82): Illuminate\\Encryption\\EncryptionServiceProvider->key(Array)
#3 /Applications/XAMPP/xamppfiles/htdocs/TradeLab v1.2 Nulled/Files/core/vendor/laravel/framework/src/Illuminate/Encryption/EncryptionServiceProvider.php(34): Illuminate\\Encryption\\EncryptionServiceProvider->parseKey(Array)
#4 /Applications/XAMPP/xamppfiles/htdocs/TradeLab v1.2 Nulled/Files/core/vendor/laravel/framework/src/Illuminate/Container/Container.php(873): Illuminate\\Encryption\\EncryptionServiceProvider->Illuminate\\Encryption\\{closure}(Object(Illuminate\\Foundation\\Application), Array)
#5 /Applications/XAMPP/xamppfiles/htdocs/TradeLab v1.2 Nulled/Files/core/vendor/laravel/framework/src/Illuminate/Container/Container.php(758): Illuminate\\Container\\Container->build(Object(Closure))
#6 /Applications/XAMPP/xamppfiles/htdocs/TradeLab v1.2 Nulled/Files/core/vendor/laravel/framework/src/Illuminate/Foundation/Application.php(851): Illuminate\\Container\\Container->resolve('encrypter', Array, true)
#7 /Applications/XAMPP/xamppfiles/htdocs/TradeLab v1.2 Nulled/Files/core/vendor/laravel/framework/src/Illuminate/Container/Container.php(694): Illuminate\\Foundation\\Application->resolve('encrypter', Array)
#8 /Applications/XAMPP/xamppfiles/htdocs/TradeLab v1.2 Nulled/Files/core/vendor/laravel/framework/src/Illuminate/Foundation/Application.php(836): Illuminate\\Container\\Container->make('encrypter', Array)
#9 /Applications/XAMPP/xamppfiles/htdocs/TradeLab v1.2 Nulled/Files/core/vendor/laravel/framework/src/Illuminate/Container/Container.php(1027): Illuminate\\Foundation\\Application->make('encrypter')
#10 /Applications/XAMPP/xamppfiles/htdocs/TradeLab v1.2 Nulled/Files/core/vendor/laravel/framework/src/Illuminate/Container/Container.php(947): Illuminate\\Container\\Container->resolveClass(Object(ReflectionParameter))
#11 /Applications/XAMPP/xamppfiles/htdocs/TradeLab v1.2 Nulled/Files/core/vendor/laravel/framework/src/Illuminate/Container/Container.php(908): Illuminate\\Container\\Container->resolveDependencies(Array)
#12 /Applications/XAMPP/xamppfiles/htdocs/TradeLab v1.2 Nulled/Files/core/vendor/laravel/framework/src/Illuminate/Container/Container.php(758): Illuminate\\Container\\Container->build('App\\\\Http\\\\Middle...')
#13 /Applications/XAMPP/xamppfiles/htdocs/TradeLab v1.2 Nulled/Files/core/vendor/laravel/framework/src/Illuminate/Foundation/Application.php(851): Illuminate\\Container\\Container->resolve('App\\\\Http\\\\Middle...', Array, true)
#14 /Applications/XAMPP/xamppfiles/htdocs/TradeLab v1.2 Nulled/Files/core/vendor/laravel/framework/src/Illuminate/Container/Container.php(694): Illuminate\\Foundation\\Application->resolve('App\\\\Http\\\\Middle...', Array)
#15 /Applications/XAMPP/xamppfiles/htdocs/TradeLab v1.2 Nulled/Files/core/vendor/laravel/framework/src/Illuminate/Foundation/Application.php(836): Illuminate\\Container\\Container->make('App\\\\Http\\\\Middle...', Array)
#16 /Applications/XAMPP/xamppfiles/htdocs/TradeLab v1.2 Nulled/Files/core/vendor/laravel/framework/src/Illuminate/Pipeline/Pipeline.php(156): Illuminate\\Foundation\\Application->make('App\\\\Http\\\\Middle...')
#17 /Applications/XAMPP/xamppfiles/htdocs/TradeLab v1.2 Nulled/Files/core/vendor/laravel/framework/src/Illuminate/Pipeline/Pipeline.php(103): Illuminate\\Pipeline\\Pipeline->Illuminate\\Pipeline\\{closure}(Object(Illuminate\\Http\\Request))
#18 /Applications/XAMPP/xamppfiles/htdocs/TradeLab v1.2 Nulled/Files/core/vendor/laravel/framework/src/Illuminate/Routing/Router.php(723): Illuminate\\Pipeline\\Pipeline->then(Object(Closure))
#19 /Applications/XAMPP/xamppfiles/htdocs/TradeLab v1.2 Nulled/Files/core/vendor/laravel/framework/src/Illuminate/Routing/Router.php(698): Illuminate\\Routing\\Router->runRouteWithinStack(Object(Illuminate\\Routing\\Route), Object(Illuminate\\Http\\Request))
#20 /Applications/XAMPP/xamppfiles/htdocs/TradeLab v1.2 Nulled/Files/core/vendor/laravel/framework/src/Illuminate/Routing/Router.php(662): Illuminate\\Routing\\Router->runRoute(Object(Illuminate\\Http\\Request), Object(Illuminate\\Routing\\Route))
#21 /Applications/XAMPP/xamppfiles/htdocs/TradeLab v1.2 Nulled/Files/core/vendor/laravel/framework/src/Illuminate/Routing/Router.php(651): Illuminate\\Routing\\Router->dispatchToRoute(Object(Illuminate\\Http\\Request))
#22 /Applications/XAMPP/xamppfiles/htdocs/TradeLab v1.2 Nulled/Files/core/vendor/laravel/framework/src/Illuminate/Foundation/Http/Kernel.php(167): Illuminate\\Routing\\Router->dispatch(Object(Illuminate\\Http\\Request))
#23 /Applications/XAMPP/xamppfiles/htdocs/TradeLab v1.2 Nulled/Files/core/vendor/laravel/framework/src/Illuminate/Pipeline/Pipeline.php(128): Illuminate\\Foundation\\Http\\Kernel->Illuminate\\Foundation\\Http\\{closure}(Object(Illuminate\\Http\\Request))
#24 /Applications/XAMPP/xamppfiles/htdocs/TradeLab v1.2 Nulled/Files/core/vendor/barryvdh/laravel-debugbar/src/Middleware/InjectDebugbar.php(66): Illuminate\\Pipeline\\Pipeline->Illuminate\\Pipeline\\{closure}(Object(Illuminate\\Http\\Request))
#25 /Applications/XAMPP/xamppfiles/htdocs/TradeLab v1.2 Nulled/Files/core/vendor/laravel/framework/src/Illuminate/Pipeline/Pipeline.php(167): Barryvdh\\Debugbar\\Middleware\\InjectDebugbar->handle(Object(Illuminate\\Http\\Request), Object(Closure))
#26 /Applications/XAMPP/xamppfiles/htdocs/TradeLab v1.2 Nulled/Files/core/vendor/laravel/framework/src/Illuminate/Foundation/Http/Middleware/TransformsRequest.php(21): Illuminate\\Pipeline\\Pipeline->Illuminate\\Pipeline\\{closure}(Object(Illuminate\\Http\\Request))
#27 /Applications/XAMPP/xamppfiles/htdocs/TradeLab v1.2 Nulled/Files/core/vendor/laravel/framework/src/Illuminate/Foundation/Http/Middleware/ConvertEmptyStringsToNull.php(31): Illuminate\\Foundation\\Http\\Middleware\\TransformsRequest->handle(Object(Illuminate\\Http\\Request), Object(Closure))
#28 /Applications/XAMPP/xamppfiles/htdocs/TradeLab v1.2 Nulled/Files/core/vendor/laravel/framework/src/Illuminate/Pipeline/Pipeline.php(167): Illuminate\\Foundation\\Http\\Middleware\\ConvertEmptyStringsToNull->handle(Object(Illuminate\\Http\\Request), Object(Closure))
#29 /Applications/XAMPP/xamppfiles/htdocs/TradeLab v1.2 Nulled/Files/core/vendor/laravel/framework/src/Illuminate/Foundation/Http/Middleware/TransformsRequest.php(21): Illuminate\\Pipeline\\Pipeline->Illuminate\\Pipeline\\{closure}(Object(Illuminate\\Http\\Request))
#30 /Applications/XAMPP/xamppfiles/htdocs/TradeLab v1.2 Nulled/Files/core/vendor/laravel/framework/src/Illuminate/Foundation/Http/Middleware/TrimStrings.php(40): Illuminate\\Foundation\\Http\\Middleware\\TransformsRequest->handle(Object(Illuminate\\Http\\Request), Object(Closure))
#31 /Applications/XAMPP/xamppfiles/htdocs/TradeLab v1.2 Nulled/Files/core/vendor/laravel/framework/src/Illuminate/Pipeline/Pipeline.php(167): Illuminate\\Foundation\\Http\\Middleware\\TrimStrings->handle(Object(Illuminate\\Http\\Request), Object(Closure))
#32 /Applications/XAMPP/xamppfiles/htdocs/TradeLab v1.2 Nulled/Files/core/vendor/laravel/framework/src/Illuminate/Foundation/Http/Middleware/ValidatePostSize.php(27): Illuminate\\Pipeline\\Pipeline->Illuminate\\Pipeline\\{closure}(Object(Illuminate\\Http\\Request))
#33 /Applications/XAMPP/xamppfiles/htdocs/TradeLab v1.2 Nulled/Files/core/vendor/laravel/framework/src/Illuminate/Pipeline/Pipeline.php(167): Illuminate\\Foundation\\Http\\Middleware\\ValidatePostSize->handle(Object(Illuminate\\Http\\Request), Object(Closure))
#34 /Applications/XAMPP/xamppfiles/htdocs/TradeLab v1.2 Nulled/Files/core/vendor/laravel/framework/src/Illuminate/Foundation/Http/Middleware/PreventRequestsDuringMaintenance.php(86): Illuminate\\Pipeline\\Pipeline->Illuminate\\Pipeline\\{closure}(Object(Illuminate\\Http\\Request))
#35 /Applications/XAMPP/xamppfiles/htdocs/TradeLab v1.2 Nulled/Files/core/vendor/laravel/framework/src/Illuminate/Pipeline/Pipeline.php(167): Illuminate\\Foundation\\Http\\Middleware\\PreventRequestsDuringMaintenance->handle(Object(Illuminate\\Http\\Request), Object(Closure))
#36 /Applications/XAMPP/xamppfiles/htdocs/TradeLab v1.2 Nulled/Files/core/vendor/fruitcake/laravel-cors/src/HandleCors.php(38): Illuminate\\Pipeline\\Pipeline->Illuminate\\Pipeline\\{closure}(Object(Illuminate\\Http\\Request))
#37 /Applications/XAMPP/xamppfiles/htdocs/TradeLab v1.2 Nulled/Files/core/vendor/laravel/framework/src/Illuminate/Pipeline/Pipeline.php(167): Fruitcake\\Cors\\HandleCors->handle(Object(Illuminate\\Http\\Request), Object(Closure))
#38 /Applications/XAMPP/xamppfiles/htdocs/TradeLab v1.2 Nulled/Files/core/vendor/fideloper/proxy/src/TrustProxies.php(57): Illuminate\\Pipeline\\Pipeline->Illuminate\\Pipeline\\{closure}(Object(Illuminate\\Http\\Request))
#39 /Applications/XAMPP/xamppfiles/htdocs/TradeLab v1.2 Nulled/Files/core/vendor/laravel/framework/src/Illuminate/Pipeline/Pipeline.php(167): Fideloper\\Proxy\\TrustProxies->handle(Object(Illuminate\\Http\\Request), Object(Closure))
#40 /Applications/XAMPP/xamppfiles/htdocs/TradeLab v1.2 Nulled/Files/core/vendor/laravel/framework/src/Illuminate/Pipeline/Pipeline.php(103): Illuminate\\Pipeline\\Pipeline->Illuminate\\Pipeline\\{closure}(Object(Illuminate\\Http\\Request))
#41 /Applications/XAMPP/xamppfiles/htdocs/TradeLab v1.2 Nulled/Files/core/vendor/laravel/framework/src/Illuminate/Foundation/Http/Kernel.php(142): Illuminate\\Pipeline\\Pipeline->then(Object(Closure))
#42 /Applications/XAMPP/xamppfiles/htdocs/TradeLab v1.2 Nulled/Files/core/vendor/laravel/framework/src/Illuminate/Foundation/Http/Kernel.php(111): Illuminate\\Foundation\\Http\\Kernel->sendRequestThroughRouter(Object(Illuminate\\Http\\Request))
#43 /Applications/XAMPP/xamppfiles/htdocs/TradeLab v1.2 Nulled/Files/index.php(52): Illuminate\\Foundation\\Http\\Kernel->handle(Object(Illuminate\\Http\\Request))
#44 {main}
"} 
[2023-01-14 19:24:32] local.ERROR: No application encryption key has been specified. {"exception":"[object] (Illuminate\\Encryption\\MissingAppKeyException(code: 0): No application encryption key has been specified. at /Applications/XAMPP/xamppfiles/htdocs/TradeLab v1.2 Nulled/Files/core/vendor/laravel/framework/src/Illuminate/Encryption/EncryptionServiceProvider.php:101)
[stacktrace]
#0 /Applications/XAMPP/xamppfiles/htdocs/TradeLab v1.2 Nulled/Files/core/vendor/laravel/framework/src/Illuminate/Support/helpers.php(263): Illuminate\\Encryption\\EncryptionServiceProvider->Illuminate\\Encryption\\{closure}('')
#1 /Applications/XAMPP/xamppfiles/htdocs/TradeLab v1.2 Nulled/Files/core/vendor/laravel/framework/src/Illuminate/Encryption/EncryptionServiceProvider.php(103): tap('', Object(Closure))
#2 /Applications/XAMPP/xamppfiles/htdocs/TradeLab v1.2 Nulled/Files/core/vendor/laravel/framework/src/Illuminate/Encryption/EncryptionServiceProvider.php(82): Illuminate\\Encryption\\EncryptionServiceProvider->key(Array)
#3 /Applications/XAMPP/xamppfiles/htdocs/TradeLab v1.2 Nulled/Files/core/vendor/laravel/framework/src/Illuminate/Encryption/EncryptionServiceProvider.php(34): Illuminate\\Encryption\\EncryptionServiceProvider->parseKey(Array)
#4 /Applications/XAMPP/xamppfiles/htdocs/TradeLab v1.2 Nulled/Files/core/vendor/laravel/framework/src/Illuminate/Container/Container.php(873): Illuminate\\Encryption\\EncryptionServiceProvider->Illuminate\\Encryption\\{closure}(Object(Illuminate\\Foundation\\Application), Array)
#5 /Applications/XAMPP/xamppfiles/htdocs/TradeLab v1.2 Nulled/Files/core/vendor/laravel/framework/src/Illuminate/Container/Container.php(758): Illuminate\\Container\\Container->build(Object(Closure))
#6 /Applications/XAMPP/xamppfiles/htdocs/TradeLab v1.2 Nulled/Files/core/vendor/laravel/framework/src/Illuminate/Foundation/Application.php(851): Illuminate\\Container\\Container->resolve('encrypter', Array, true)
#7 /Applications/XAMPP/xamppfiles/htdocs/TradeLab v1.2 Nulled/Files/core/vendor/laravel/framework/src/Illuminate/Container/Container.php(694): Illuminate\\Foundation\\Application->resolve('encrypter', Array)
#8 /Applications/XAMPP/xamppfiles/htdocs/TradeLab v1.2 Nulled/Files/core/vendor/laravel/framework/src/Illuminate/Foundation/Application.php(836): Illuminate\\Container\\Container->make('encrypter', Array)
#9 /Applications/XAMPP/xamppfiles/htdocs/TradeLab v1.2 Nulled/Files/core/vendor/laravel/framework/src/Illuminate/Container/Container.php(1027): Illuminate\\Foundation\\Application->make('encrypter')
#10 /Applications/XAMPP/xamppfiles/htdocs/TradeLab v1.2 Nulled/Files/core/vendor/laravel/framework/src/Illuminate/Container/Container.php(947): Illuminate\\Container\\Container->resolveClass(Object(ReflectionParameter))
#11 /Applications/XAMPP/xamppfiles/htdocs/TradeLab v1.2 Nulled/Files/core/vendor/laravel/framework/src/Illuminate/Container/Container.php(908): Illuminate\\Container\\Container->resolveDependencies(Array)
#12 /Applications/XAMPP/xamppfiles/htdocs/TradeLab v1.2 Nulled/Files/core/vendor/laravel/framework/src/Illuminate/Container/Container.php(758): Illuminate\\Container\\Container->build('App\\\\Http\\\\Middle...')
#13 /Applications/XAMPP/xamppfiles/htdocs/TradeLab v1.2 Nulled/Files/core/vendor/laravel/framework/src/Illuminate/Foundation/Application.php(851): Illuminate\\Container\\Container->resolve('App\\\\Http\\\\Middle...', Array, true)
#14 /Applications/XAMPP/xamppfiles/htdocs/TradeLab v1.2 Nulled/Files/core/vendor/laravel/framework/src/Illuminate/Container/Container.php(694): Illuminate\\Foundation\\Application->resolve('App\\\\Http\\\\Middle...', Array)
#15 /Applications/XAMPP/xamppfiles/htdocs/TradeLab v1.2 Nulled/Files/core/vendor/laravel/framework/src/Illuminate/Foundation/Application.php(836): Illuminate\\Container\\Container->make('App\\\\Http\\\\Middle...', Array)
#16 /Applications/XAMPP/xamppfiles/htdocs/TradeLab v1.2 Nulled/Files/core/vendor/laravel/framework/src/Illuminate/Foundation/Http/Kernel.php(206): Illuminate\\Foundation\\Application->make('App\\\\Http\\\\Middle...')
#17 /Applications/XAMPP/xamppfiles/htdocs/TradeLab v1.2 Nulled/Files/core/vendor/laravel/framework/src/Illuminate/Foundation/Http/Kernel.php(180): Illuminate\\Foundation\\Http\\Kernel->terminateMiddleware(Object(Illuminate\\Http\\Request), Object(Illuminate\\Http\\Response))
#18 /Applications/XAMPP/xamppfiles/htdocs/TradeLab v1.2 Nulled/Files/index.php(55): Illuminate\\Foundation\\Http\\Kernel->terminate(Object(Illuminate\\Http\\Request), Object(Illuminate\\Http\\Response))
#19 {main}
"} 
